[2025-07-30 22:32:01] WARN: POST - user/isloggedinRedis - User not logged in
[2025-07-30 22:32:01] INFO: GET - product/8 - Found Product ID: 8
[2025-07-30 22:32:01] INFO: GET - product/8/image - Found Image for Product ID: 8
[2025-07-30 22:32:01] INFO: GET - discount - Found 5 discounts
[2025-07-30 22:32:01] INFO: GET - product/8/reviews - Found 2 reviews
[2025-07-30 22:32:04] WARN: POST - user/isloggedinRedis - User not logged in
[2025-07-30 22:32:04] INFO: GET - product - Found 11 products
[2025-07-30 22:32:21] WARN: POST - user/isloggedinRedis - User not logged in
[2025-07-30 22:32:21] WARN: POST - user/isloggedinRedis - User not logged in
[2025-07-30 22:32:37] INFO: POST - user/isloggedinRedis - User ID: 79
[2025-07-30 22:32:37] INFO: GET - product - Found 11 products
[2025-07-30 22:40:33] INFO: POST - user/isloggedinRedis - User ID: 79
[2025-07-30 22:40:33] INFO: GET - product - Found 11 products
[2025-07-30 22:40:33] INFO: GET - product - Found 11 products
[2025-07-30 22:40:33] INFO: GET - discount - Found 5 discounts
[2025-07-30 22:40:34] INFO: POST - user/isloggedinRedis - User ID: 79
[2025-07-30 22:40:34] INFO: GET - product/8 - Found Product ID: 8
[2025-07-30 22:40:34] INFO: GET - product/8/image - Found Image for Product ID: 8
[2025-07-30 22:40:34] INFO: GET - discount - Found 5 discounts
[2025-07-30 22:40:34] INFO: GET - product/8/reviews - Found 2 reviews
[2025-07-30 22:40:39] INFO: DELETE - review/122 - Deleted Review ID: 122
[2025-07-30 22:40:41] INFO: POST - user/isloggedinRedis - User ID: 79
[2025-07-30 22:40:41] INFO: GET - product/8 - Found Product ID: 8
[2025-07-30 22:40:41] INFO: GET - product/8/image - Found Image for Product ID: 8
[2025-07-30 22:40:41] INFO: GET - discount - Found 5 discounts
[2025-07-30 22:40:41] INFO: GET - product/8/reviews - Found 1 reviews
[2025-07-30 22:40:46] INFO: POST - user/isloggedinRedis - User ID: 79
[2025-07-30 22:40:48] INFO: POST - user/isloggedinRedis - User ID: 79
[2025-07-30 22:40:48] INFO: POST - product/8/review - Added Review ID: 123
[2025-07-30 22:42:15] INFO: POST - user/isloggedinRedis - User ID: 79
[2025-07-30 22:42:15] INFO: GET - product/8 - Found Product ID: 8
[2025-07-30 22:42:15] INFO: GET - product/8/image - Found Image for Product ID: 8
[2025-07-30 22:42:16] INFO: GET - discount - Found 5 discounts
[2025-07-30 22:42:16] INFO: GET - product/8/reviews - Found 2 reviews
